warning: unused import: `tracing_subscriber::fmt::format`
 --> src/binance.rs:3:5
  |
3 | use tracing_subscriber::fmt::format;
  |     ^^^^^^^^^^^^^^^^^^^^^^^^^^^^^^^
  |
  = note: `#[warn(unused_imports)]` on by default

warning: unused import: `Response`
 --> src/binance.rs:8:23
  |
8 | use reqwest::{Client, Response};
  |                       ^^^^^^^^

warning: unused import: `self`
 --> src/dca.rs:1:22
  |
1 | use crate::binance::{self, BinanceClient};
  |                      ^^^^

warning: unused imports: `JobScheduler` and `Job`
  --> src/main.rs:10:28
   |
10 | use tokio_cron_scheduler::{Job, JobScheduler};
   |                            ^^^  ^^^^^^^^^^^^

warning: unused import: `error`
  --> src/main.rs:11:15
   |
11 | use tracing::{error, info};
   |               ^^^^^

warning: unused import: `tracing_subscriber`
  --> src/main.rs:12:5
   |
12 | use tracing_subscriber;
   |     ^^^^^^^^^^^^^^^^^^

warning: field `locked` is never read
  --> src/binance.rs:32:9
   |
29 | pub struct Balance {
   |            ------- field in this struct
...
32 |     pub locked: String,
   |         ^^^^^^
   |
   = note: `Balance` has a derived impl for the trait `Debug`, but this is intentionally ignored during dead code analysis
   = note: `#[warn(dead_code)]` on by default

warning: multiple fields are never read
  --> src/binance.rs:37:9
   |
36 | pub struct OrderResponse {
   |            ------------- fields in this struct
37 |     pub symbol: String,
   |         ^^^^^^
38 |     #[serde(rename = "orderId")]
39 |     pub order_id: u64,
   |         ^^^^^^^^
40 |     pub status: String,
   |         ^^^^^^
41 |     pub side: String,
   |         ^^^^
42 |     #[serde(rename = "type")]
43 |     pub order_type: String,
   |         ^^^^^^^^^^
44 |     #[serde(rename = "executedQty")]
45 |     pub executed_qty: String,
   |         ^^^^^^^^^^^^
46 |     #[serde(rename = "cummulativeQuoteQty")]
47 |     pub cummulative_quote_qty: String,
   |         ^^^^^^^^^^^^^^^^^^^^^
   |
   = note: `OrderResponse` has a derived impl for the trait `Debug`, but this is intentionally ignored during dead code analysis

warning: fields `symbol` and `price` are never read
  --> src/binance.rs:52:9
   |
51 | pub struct TickerPrice {
   |            ----------- fields in this struct
52 |     pub symbol: String,
   |         ^^^^^^
53 |     pub price: String,
   |         ^^^^^
   |
   = note: `TickerPrice` has a derived impl for the trait `Debug`, but this is intentionally ignored during dead code analysis

warning: methods `get_symbol_price` and `place_market_buy_order` are never used
   --> src/binance.rs:141:18
    |
56  | impl BinanceClient {
    | ------------------ methods in this implementation
...
141 |     pub async fn get_symbol_price(&self, symbol: &str) -> Result<Decimal> {
    |                  ^^^^^^^^^^^^^^^^
...
149 |     pub async fn place_market_buy_order(
    |                  ^^^^^^^^^^^^^^^^^^^^^^

warning: field `trading_config` is never read
 --> src/dca.rs:9:5
  |
7 | pub struct DcaTrader {
  |            --------- field in this struct
8 |     pub binance_client: BinanceClient,
9 |     trading_config: TradingConfig,
  |     ^^^^^^^^^^^^^^

warning: method `execute_dca_purchase` is never used
  --> src/dca.rs:20:18
   |
12 | impl DcaTrader {
   | -------------- method in this implementation
...
20 |     pub async fn execute_dca_purchase(&self) -> Result<()> {
   |                  ^^^^^^^^^^^^^^^^^^^^

warning: `eth-dca-bot` (bin "eth-dca-bot") generated 12 warnings (run `cargo fix --bin "eth-dca-bot"` to apply 6 suggestions)
    Finished `release` profile [optimized] target(s) in 0.13s
     Running `target/release/eth-dca-bot`
